Flow report for behavioral_cipher
Mon Apr 17 23:45:48 2023
Quartus Prime Version 21.1.1 Build 850 06/23/2022 SJ Lite Edition


---------------------
; Table of Contents ;
---------------------
  1. Legal Notice
  2. Flow Summary
  3. Flow Settings
  4. Flow Non-Default Global Settings
  5. Flow Elapsed Time
  6. Flow OS Summary
  7. Flow Log
  8. Flow Messages
  9. Flow Suppressed Messages



----------------
; Legal Notice ;
----------------
Copyright (C) 2022  Intel Corporation. All rights reserved.
Your use of Intel Corporation's design tools, logic functions 
and other software and tools, and any partner logic 
functions, and any output files from any of the foregoing 
(including device programming or simulation files), and any 
associated documentation or information are expressly subject 
to the terms and conditions of the Intel Program License 
Subscription Agreement, the Intel Quartus Prime License Agreement,
the Intel FPGA IP License Agreement, or other applicable license
agreement, including, without limitation, that your use is for
the sole purpose of programming logic devices manufactured by
Intel and sold by Intel or its authorized distributors.  Please
refer to the applicable agreement for further details, at
https://fpgasoftware.intel.com/eula.



+-------------------------------------------------------------------------------+
; Flow Summary                                                                  ;
+---------------------------------+---------------------------------------------+
; Flow Status                     ; Successful - Mon Apr 17 23:45:48 2023       ;
; Quartus Prime Version           ; 21.1.1 Build 850 06/23/2022 SJ Lite Edition ;
; Revision Name                   ; behavioral_cipher                           ;
; Top-level Entity Name           ; behavioral_cipher                           ;
; Family                          ; Cyclone V                                   ;
; Device                          ; 5CSXFC6D6F31C6                              ;
; Timing Models                   ; Final                                       ;
; Logic utilization (in ALMs)     ; 5 / 41,910 ( < 1 % )                        ;
; Total registers                 ; 0                                           ;
; Total pins                      ; 21 / 499 ( 4 % )                            ;
; Total virtual pins              ; 0                                           ;
; Total block memory bits         ; 0 / 5,662,720 ( 0 % )                       ;
; Total DSP Blocks                ; 0 / 112 ( 0 % )                             ;
; Total HSSI RX PCSs              ; 0 / 9 ( 0 % )                               ;
; Total HSSI PMA RX Deserializers ; 0 / 9 ( 0 % )                               ;
; Total HSSI TX PCSs              ; 0 / 9 ( 0 % )                               ;
; Total HSSI PMA TX Serializers   ; 0 / 9 ( 0 % )                               ;
; Total PLLs                      ; 0 / 15 ( 0 % )                              ;
; Total DLLs                      ; 0 / 4 ( 0 % )                               ;
+---------------------------------+---------------------------------------------+


+-----------------------------------------+
; Flow Settings                           ;
+-------------------+---------------------+
; Option            ; Setting             ;
+-------------------+---------------------+
; Start date & time ; 04/16/2023 21:13:26 ;
; Main task         ; Compilation         ;
; Revision Name     ; behavioral_cipher   ;
+-------------------+---------------------+


+-------------------------------------------------------------------------------------------------------------------------+
; Flow Non-Default Global Settings                                                                                        ;
+-------------------------------------+----------------------------------------+---------------+-------------+------------+
; Assignment Name                     ; Value                                  ; Default Value ; Entity Name ; Section Id ;
+-------------------------------------+----------------------------------------+---------------+-------------+------------+
; COMPILER_SIGNATURE_ID               ; 121370056397.168170480500704           ; --            ; --          ; --         ;
; MAX_CORE_JUNCTION_TEMP              ; 85                                     ; --            ; --          ; --         ;
; MIN_CORE_JUNCTION_TEMP              ; 0                                      ; --            ; --          ; --         ;
; PARTITION_COLOR                     ; -- (Not supported for targeted family) ; --            ; --          ; Top        ;
; PARTITION_FITTER_PRESERVATION_LEVEL ; -- (Not supported for targeted family) ; --            ; --          ; Top        ;
; PARTITION_NETLIST_TYPE              ; -- (Not supported for targeted family) ; --            ; --          ; Top        ;
; PROJECT_OUTPUT_DIRECTORY            ; output_files                           ; --            ; --          ; --         ;
+-------------------------------------+----------------------------------------+---------------+-------------+------------+


+--------------------------------------------------------------------------------------------------------------------------+
; Flow Elapsed Time                                                                                                        ;
+----------------------+--------------+-------------------------+---------------------+------------------------------------+
; Module Name          ; Elapsed Time ; Average Processors Used ; Peak Virtual Memory ; Total CPU Time (on all processors) ;
+----------------------+--------------+-------------------------+---------------------+------------------------------------+
; Analysis & Synthesis ; 00:00:12     ; 1.0                     ; 13228 MB            ; 00:00:27                           ;
; Fitter               ; 00:00:34     ; 1.0                     ; 14997 MB            ; 00:00:55                           ;
; Assembler            ; 00:00:09     ; 1.0                     ; 13655 MB            ; 00:00:09                           ;
; Timing Analyzer      ; 00:00:05     ; 1.1                     ; 13747 MB            ; 00:00:05                           ;
; EDA Netlist Writer   ; 00:00:01     ; 1.0                     ; 13135 MB            ; 00:00:01                           ;
; EDA Netlist Writer   ; 00:00:01     ; 1.0                     ; 13136 MB            ; 00:00:01                           ;
; EDA Netlist Writer   ; 00:00:01     ; 1.0                     ; 13135 MB            ; 00:00:01                           ;
; EDA Netlist Writer   ; 00:00:01     ; 1.0                     ; 13136 MB            ; 00:00:01                           ;
; EDA Netlist Writer   ; 00:00:01     ; 1.0                     ; 13135 MB            ; 00:00:01                           ;
; EDA Netlist Writer   ; 00:00:01     ; 1.0                     ; 13136 MB            ; 00:00:01                           ;
; EDA Netlist Writer   ; 00:00:01     ; 1.0                     ; 13135 MB            ; 00:00:01                           ;
; EDA Netlist Writer   ; 00:00:01     ; 1.0                     ; 13136 MB            ; 00:00:01                           ;
; Total                ; 00:01:08     ; --                      ; --                  ; 00:01:44                           ;
+----------------------+--------------+-------------------------+---------------------+------------------------------------+


+------------------------------------------------------------------------------------+
; Flow OS Summary                                                                    ;
+----------------------+------------------+------------+------------+----------------+
; Module Name          ; Machine Hostname ; OS Name    ; OS Version ; Processor type ;
+----------------------+------------------+------------+------------+----------------+
; Analysis & Synthesis ; JONATHONMOO69CA  ; Windows 10 ; 10.0       ; x86_64         ;
; Fitter               ; JONATHONMOO69CA  ; Windows 10 ; 10.0       ; x86_64         ;
; Assembler            ; JONATHONMOO69CA  ; Windows 10 ; 10.0       ; x86_64         ;
; Timing Analyzer      ; JONATHONMOO69CA  ; Windows 10 ; 10.0       ; x86_64         ;
; EDA Netlist Writer   ; JONATHONMOO69CA  ; Windows 10 ; 10.0       ; x86_64         ;
; EDA Netlist Writer   ; JONATHONMOO69CA  ; Windows 10 ; 10.0       ; x86_64         ;
; EDA Netlist Writer   ; JONATHONMOO69CA  ; Windows 10 ; 10.0       ; x86_64         ;
; EDA Netlist Writer   ; JONATHONMOO69CA  ; Windows 10 ; 10.0       ; x86_64         ;
; EDA Netlist Writer   ; JONATHONMOO69CA  ; Windows 10 ; 10.0       ; x86_64         ;
; EDA Netlist Writer   ; JONATHONMOO69CA  ; Windows 10 ; 10.0       ; x86_64         ;
; EDA Netlist Writer   ; JONATHONMOO69CA  ; Windows 10 ; 10.0       ; x86_64         ;
; EDA Netlist Writer   ; JONATHONMOO69CA  ; Windows 10 ; 10.0       ; x86_64         ;
+----------------------+------------------+------------+------------+----------------+


------------
; Flow Log ;
------------
quartus_map --read_settings_files=on --write_settings_files=off behavioral_cipher -c behavioral_cipher
quartus_fit --read_settings_files=off --write_settings_files=off behavioral_cipher -c behavioral_cipher
quartus_asm --read_settings_files=off --write_settings_files=off behavioral_cipher -c behavioral_cipher
quartus_sta behavioral_cipher -c behavioral_cipher
quartus_eda --gen_testbench --tool=modelsim_oem --format=verilog --write_settings_files=off behavioral_cipher -c behavioral_cipher --vector_source=C:/Users/jonathonmoore/Desktop/CaesarsCipher/Verilog/behavioral_cipher/Waveform.vwf --testbench_file=C:/Users/jonathonmoore/Desktop/CaesarsCipher/Verilog/behavioral_cipher/simulation/qsim/Waveform.vwf.vt
quartus_eda --write_settings_files=off --simulation=on --functional=on --flatten_buses=off --tool=modelsim_oem --format=verilog --output_directory=C:/Users/jonathonmoore/Desktop/CaesarsCipher/Verilog/behavioral_cipher/simulation/qsim/ behavioral_cipher -c behavioral_cipher
quartus_eda --gen_testbench --tool=modelsim_oem --format=verilog --write_settings_files=off behavioral_cipher -c behavioral_cipher --vector_source=C:/Users/jonathonmoore/Desktop/CaesarsCipher/Verilog/behavioral_cipher/Waveform.vwf --testbench_file=C:/Users/jonathonmoore/Desktop/CaesarsCipher/Verilog/behavioral_cipher/simulation/qsim/Waveform.vwf.vt
quartus_eda --write_settings_files=off --simulation=on --functional=on --flatten_buses=off --tool=modelsim_oem --format=verilog --output_directory=C:/Users/jonathonmoore/Desktop/CaesarsCipher/Verilog/behavioral_cipher/simulation/qsim/ behavioral_cipher -c behavioral_cipher
quartus_eda --gen_testbench --tool=modelsim_oem --format=verilog --write_settings_files=off behavioral_cipher -c behavioral_cipher --vector_source=C:/Users/jonathonmoore/Desktop/CaesarsCipher/Verilog/behavioral_cipher/Waveform.vwf --testbench_file=C:/Users/jonathonmoore/Desktop/CaesarsCipher/Verilog/behavioral_cipher/simulation/qsim/Waveform.vwf.vt
quartus_eda --write_settings_files=off --simulation=on --functional=on --flatten_buses=off --tool=modelsim_oem --format=verilog --output_directory=C:/Users/jonathonmoore/Desktop/CaesarsCipher/Verilog/behavioral_cipher/simulation/qsim/ behavioral_cipher -c behavioral_cipher
quartus_eda --gen_testbench --tool=modelsim_oem --format=verilog --write_settings_files=off behavioral_cipher -c behavioral_cipher --vector_source=C:/Users/jonathonmoore/Desktop/CaesarsCipher/Verilog/behavioral_cipher/Waveform.vwf --testbench_file=C:/Users/jonathonmoore/Desktop/CaesarsCipher/Verilog/behavioral_cipher/simulation/qsim/Waveform.vwf.vt
quartus_eda --write_settings_files=off --simulation=on --functional=on --flatten_buses=off --tool=modelsim_oem --format=verilog --output_directory=C:/Users/jonathonmoore/Desktop/CaesarsCipher/Verilog/behavioral_cipher/simulation/qsim/ behavioral_cipher -c behavioral_cipher



