Flow report for DE10_Standard_Computer
Fri Apr 28 16:26:04 2023
Quartus Prime Version 21.1.0 Build 842 10/21/2021 SJ Lite Edition


---------------------
; Table of Contents ;
---------------------
  1. Legal Notice
  2. Flow Summary
  3. Flow Settings
  4. Flow Non-Default Global Settings
  5. Flow Elapsed Time
  6. Flow OS Summary
  7. Flow Log
  8. Flow Messages
  9. Flow Suppressed Messages



----------------
; Legal Notice ;
----------------
Copyright (C) 2021  Intel Corporation. All rights reserved.
Your use of Intel Corporation's design tools, logic functions 
and other software and tools, and any partner logic 
functions, and any output files from any of the foregoing 
(including device programming or simulation files), and any 
associated documentation or information are expressly subject 
to the terms and conditions of the Intel Program License 
Subscription Agreement, the Intel Quartus Prime License Agreement,
the Intel FPGA IP License Agreement, or other applicable license
agreement, including, without limitation, that your use is for
the sole purpose of programming logic devices manufactured by
Intel and sold by Intel or its authorized distributors.  Please
refer to the applicable agreement for further details, at
https://fpgasoftware.intel.com/eula.



+-------------------------------------------------------------------------------+
; Flow Summary                                                                  ;
+---------------------------------+---------------------------------------------+
; Flow Status                     ; Successful - Fri Apr 28 16:24:04 2023       ;
; Quartus Prime Version           ; 21.1.0 Build 842 10/21/2021 SJ Lite Edition ;
; Revision Name                   ; DE10_Standard_Computer                      ;
; Top-level Entity Name           ; DE10_Standard_Computer                      ;
; Family                          ; Cyclone V                                   ;
; Device                          ; 5CSXFC6D6F31C6                              ;
; Timing Models                   ; Final                                       ;
; Logic utilization (in ALMs)     ; 22,528 / 41,910 ( 54 % )                    ;
; Total registers                 ; 29636                                       ;
; Total pins                      ; 339 / 499 ( 68 % )                          ;
; Total virtual pins              ; 0                                           ;
; Total block memory bits         ; 2,392,090 / 5,662,720 ( 42 % )              ;
; Total DSP Blocks                ; 15 / 112 ( 13 % )                           ;
; Total HSSI RX PCSs              ; 0 / 9 ( 0 % )                               ;
; Total HSSI PMA RX Deserializers ; 0 / 9 ( 0 % )                               ;
; Total HSSI TX PCSs              ; 0 / 9 ( 0 % )                               ;
; Total HSSI PMA TX Serializers   ; 0 / 9 ( 0 % )                               ;
; Total PLLs                      ; 3 / 15 ( 20 % )                             ;
; Total DLLs                      ; 1 / 4 ( 25 % )                              ;
+---------------------------------+---------------------------------------------+


+--------------------------------------------+
; Flow Settings                              ;
+-------------------+------------------------+
; Option            ; Setting                ;
+-------------------+------------------------+
; Start date & time ; 04/28/2023 15:58:34    ;
; Main task         ; Compilation            ;
; Revision Name     ; DE10_Standard_Computer ;
+-------------------+------------------------+


+----------------------------------------------------------------------------------------------------------------------------------------------------------------------------------------------+
; Flow Non-Default Global Settings                                                                                                                                                             ;
+--------------------------------------+-------------------------------------------------------------------------------+---------------+------------------------------------------+------------+
; Assignment Name                      ; Value                                                                         ; Default Value ; Entity Name                              ; Section Id ;
+--------------------------------------+-------------------------------------------------------------------------------+---------------+------------------------------------------+------------+
; COMPILER_SIGNATURE_ID                ; 9447194986771.168272270522552                                                 ; --            ; --                                       ; --         ;
; FITTER_EFFORT                        ; Standard Fit                                                                  ; Auto Fit      ; --                                       ; --         ;
; HPS_ISW_FILE                         ; Computer_System/synthesis/submodules/sequencer/system.pre.h                   ; --            ; Computer_System_ARM_A9_HPS_hps_io_border ; --         ;
; HPS_ISW_FILE                         ; Computer_System/synthesis/submodules/sequencer/sequencer_auto_inst_init.pre.c ; --            ; Computer_System_ARM_A9_HPS_hps_io_border ; --         ;
; HPS_ISW_FILE                         ; Computer_System/synthesis/submodules/sequencer/alt_types.pre.h                ; --            ; Computer_System_ARM_A9_HPS_hps_io_border ; --         ;
; HPS_ISW_FILE                         ; Computer_System/synthesis/submodules/sequencer/sdram_io.pre.h                 ; --            ; Computer_System_ARM_A9_HPS_hps_io_border ; --         ;
; HPS_ISW_FILE                         ; Computer_System/synthesis/submodules/sequencer/emif.pre.xml                   ; --            ; Computer_System_ARM_A9_HPS_hps_io_border ; --         ;
; HPS_ISW_FILE                         ; Computer_System/synthesis/submodules/sequencer/tclrpt.pre.h                   ; --            ; Computer_System_ARM_A9_HPS_hps_io_border ; --         ;
; HPS_ISW_FILE                         ; Computer_System/synthesis/submodules/sequencer/sequencer_auto.pre.h           ; --            ; Computer_System_ARM_A9_HPS_hps_io_border ; --         ;
; HPS_ISW_FILE                         ; Computer_System/synthesis/submodules/sequencer/sequencer_auto_ac_init.pre.c   ; --            ; Computer_System_ARM_A9_HPS_hps_io_border ; --         ;
; HPS_ISW_FILE                         ; Computer_System/synthesis/submodules/sequencer/tclrpt.pre.c                   ; --            ; Computer_System_ARM_A9_HPS_hps_io_border ; --         ;
; HPS_ISW_FILE                         ; Computer_System/synthesis/submodules/sequencer/sequencer_defines.pre.h        ; --            ; Computer_System_ARM_A9_HPS_hps_io_border ; --         ;
; HPS_ISW_FILE                         ; Computer_System/synthesis/submodules/sequencer/sequencer.pre.h                ; --            ; Computer_System_ARM_A9_HPS_hps_io_border ; --         ;
; HPS_ISW_FILE                         ; Computer_System/synthesis/submodules/sequencer/sequencer.pre.c                ; --            ; Computer_System_ARM_A9_HPS_hps_io_border ; --         ;
; HPS_ISW_FILE                         ; Computer_System/synthesis/submodules/hps.pre.xml                              ; --            ; Computer_System_ARM_A9_HPS_hps_io_border ; --         ;
; HPS_PARTITION                        ; On                                                                            ; --            ; Computer_System_ARM_A9_HPS_hps_io_border ; --         ;
; MISC_FILE                            ; Computer_System/synthesis/../Computer_System.cmp                              ; --            ; --                                       ; --         ;
; MISC_FILE                            ; Computer_System/synthesis/Computer_System_ARM_A9_HPS_hps.svd                  ; --            ; --                                       ; --         ;
; MISC_FILE                            ; Computer_System/synthesis/../../Computer_System.qsys                          ; --            ; --                                       ; --         ;
; MISC_FILE                            ; Computer_System/synthesis/submodules/sequencer/system.pre.h                   ; --            ; --                                       ; --         ;
; MISC_FILE                            ; Computer_System/synthesis/submodules/sequencer/sequencer_auto_inst_init.pre.c ; --            ; --                                       ; --         ;
; MISC_FILE                            ; Computer_System/synthesis/submodules/sequencer/alt_types.pre.h                ; --            ; --                                       ; --         ;
; MISC_FILE                            ; Computer_System/synthesis/submodules/sequencer/sdram_io.pre.h                 ; --            ; --                                       ; --         ;
; MISC_FILE                            ; Computer_System/synthesis/submodules/sequencer/emif.pre.xml                   ; --            ; --                                       ; --         ;
; MISC_FILE                            ; Computer_System/synthesis/submodules/sequencer/tclrpt.pre.h                   ; --            ; --                                       ; --         ;
; MISC_FILE                            ; Computer_System/synthesis/submodules/sequencer/sequencer_auto.pre.h           ; --            ; --                                       ; --         ;
; MISC_FILE                            ; Computer_System/synthesis/submodules/sequencer/sequencer_auto_ac_init.pre.c   ; --            ; --                                       ; --         ;
; MISC_FILE                            ; Computer_System/synthesis/submodules/sequencer/tclrpt.pre.c                   ; --            ; --                                       ; --         ;
; MISC_FILE                            ; Computer_System/synthesis/submodules/sequencer/sequencer_defines.pre.h        ; --            ; --                                       ; --         ;
; MISC_FILE                            ; Computer_System/synthesis/submodules/sequencer/sequencer.pre.h                ; --            ; --                                       ; --         ;
; MISC_FILE                            ; Computer_System/synthesis/submodules/sequencer/sequencer.pre.c                ; --            ; --                                       ; --         ;
; MISC_FILE                            ; Computer_System/synthesis/submodules/hps.pre.xml                              ; --            ; --                                       ; --         ;
; MUX_RESTRUCTURE                      ; Off                                                                           ; Auto          ; --                                       ; --         ;
; OPTIMIZATION_MODE                    ; Aggressive Performance                                                        ; Balanced      ; --                                       ; --         ;
; OPTIMIZATION_TECHNIQUE               ; Speed                                                                         ; Balanced      ; --                                       ; --         ;
; PARTITION_COLOR                      ; -- (Not supported for targeted family)                                        ; --            ; --                                       ; Top        ;
; PARTITION_FITTER_PRESERVATION_LEVEL  ; -- (Not supported for targeted family)                                        ; --            ; --                                       ; Top        ;
; PARTITION_NETLIST_TYPE               ; -- (Not supported for targeted family)                                        ; --            ; --                                       ; Top        ;
; PHYSICAL_SYNTHESIS_COMBO_LOGIC       ; On                                                                            ; Off           ; --                                       ; --         ;
; PHYSICAL_SYNTHESIS_REGISTER_RETIMING ; On                                                                            ; Off           ; --                                       ; --         ;
; PLACEMENT_EFFORT_MULTIPLIER          ; 4.0                                                                           ; 1.0           ; --                                       ; --         ;
; ROUTER_TIMING_OPTIMIZATION_LEVEL     ; MAXIMUM                                                                       ; Normal        ; --                                       ; --         ;
; SLD_FILE                             ; Computer_System/synthesis/Computer_System.regmap                              ; --            ; --                                       ; --         ;
; SLD_FILE                             ; Computer_System/synthesis/Computer_System.debuginfo                           ; --            ; --                                       ; --         ;
; SLD_INFO                             ; QSYS_NAME Computer_System HAS_SOPCINFO 1 GENERATION_ID 1638562689             ; --            ; Computer_System                          ; --         ;
; SOPCINFO_FILE                        ; Computer_System/synthesis/../../Computer_System.sopcinfo                      ; --            ; --                                       ; --         ;
; SYNTHESIS_ONLY_QIP                   ; On                                                                            ; --            ; --                                       ; --         ;
+--------------------------------------+-------------------------------------------------------------------------------+---------------+------------------------------------------+------------+


+--------------------------------------------------------------------------------------------------------------------------+
; Flow Elapsed Time                                                                                                        ;
+----------------------+--------------+-------------------------+---------------------+------------------------------------+
; Module Name          ; Elapsed Time ; Average Processors Used ; Peak Virtual Memory ; Total CPU Time (on all processors) ;
+----------------------+--------------+-------------------------+---------------------+------------------------------------+
; Analysis & Synthesis ; 00:03:42     ; 2.0                     ; 6528 MB             ; 00:04:41                           ;
; Fitter               ; 00:18:08     ; 1.4                     ; 8902 MB             ; 00:23:32                           ;
; Assembler            ; 00:00:29     ; 1.0                     ; 5349 MB             ; 00:00:17                           ;
; Timing Analyzer      ; 00:01:57     ; 2.6                     ; 6578 MB             ; 00:02:52                           ;
; Total                ; 00:24:16     ; --                      ; --                  ; 00:31:22                           ;
+----------------------+--------------+-------------------------+---------------------+------------------------------------+


+------------------------------------------------------------------------------------+
; Flow OS Summary                                                                    ;
+----------------------+------------------+------------+------------+----------------+
; Module Name          ; Machine Hostname ; OS Name    ; OS Version ; Processor type ;
+----------------------+------------------+------------+------------+----------------+
; Analysis & Synthesis ; LAPTOP-BFVSHG5L  ; Windows 10 ; 10.0       ; x86_64         ;
; Fitter               ; LAPTOP-BFVSHG5L  ; Windows 10 ; 10.0       ; x86_64         ;
; Assembler            ; LAPTOP-BFVSHG5L  ; Windows 10 ; 10.0       ; x86_64         ;
; Timing Analyzer      ; LAPTOP-BFVSHG5L  ; Windows 10 ; 10.0       ; x86_64         ;
+----------------------+------------------+------------+------------+----------------+


------------
; Flow Log ;
------------
quartus_map --read_settings_files=on --write_settings_files=off DE10_Standard_Computer -c DE10_Standard_Computer
quartus_fit --read_settings_files=off --write_settings_files=off DE10_Standard_Computer -c DE10_Standard_Computer
quartus_asm --read_settings_files=off --write_settings_files=off DE10_Standard_Computer -c DE10_Standard_Computer
quartus_sta DE10_Standard_Computer -c DE10_Standard_Computer



